<?xml version="1.0" encoding="UTF-8"?>
<!-- Generated by org.testng.reporters.JUnitReportReporter -->
<testsuite hostname="LAPTOP-G1TPCG3S" failures="0" tests="1" name="testNG_grouping.TestGroup2" time="0.005" errors="0" timestamp="2022-03-23T08:31:41 IST" skipped="0">
  <testcase classname="testNG_grouping.TestGroup2" name="TC4" time="0.005"/>
  <system-out>
    <![CDATA[Running TC4]]>
  </system-out>
</testsuite> <!-- testNG_grouping.TestGroup2 -->
