<?xml version="1.0" encoding="UTF-8"?>
<!-- Generated by org.testng.reporters.JUnitReportReporter -->
<testsuite hostname="LAPTOP-G1TPCG3S" failures="0" tests="4" name="Annotation.priority" time="0.053" errors="0" timestamp="2022-03-24T15:51:35 IST" skipped="0">
  <testcase classname="Annotation.priority" name="tc1" time="0.032"/>
  <system-out>
    <![CDATA[tc puri 1 ]]>
  </system-out>
  <testcase classname="Annotation.priority" name="tc3" time="0.003"/>
  <system-out>
    <![CDATA[tc 3 pass]]>
  </system-out>
  <testcase classname="Annotation.priority" name="tc4" time="0.005"/>
  <system-out>
    <![CDATA[tc 4 pass]]>
  </system-out>
  <testcase classname="Annotation.priority" name="tc2" time="0.013"/>
  <system-out>
    <![CDATA[tc 2 is pass]]>
  </system-out>
</testsuite> <!-- Annotation.priority -->
