<?xml version="1.0" encoding="UTF-8"?>
<!-- Generated by org.testng.reporters.JUnitReportReporter -->
<testsuite hostname="LAPTOP-G1TPCG3S" failures="0" tests="3" name="Annotation.depends_on_method" time="0.037" errors="0" timestamp="2022-03-24T16:13:52 IST" skipped="0">
  <testcase classname="Annotation.depends_on_method" name="tc1" time="0.003"/>
  <system-out>
    <![CDATA[tc is passed]]>
  </system-out>
  <testcase classname="Annotation.depends_on_method" name="tc2" time="0.026"/>
  <system-out>
    <![CDATA[tc is passed]]>
  </system-out>
  <testcase classname="Annotation.depends_on_method" name="tc3" time="0.008"/>
  <system-out>
    <![CDATA[tc is passed]]>
  </system-out>
</testsuite> <!-- Annotation.depends_on_method -->
