<?xml version="1.0" encoding="UTF-8"?>
<!-- Generated by org.testng.reporters.JUnitReportReporter -->
<testsuite hostname="LAPTOP-G1TPCG3S" failures="0" tests="7" name="Annotation.annocation_count" time="0.071" errors="0" timestamp="2022-03-24T15:40:47 IST" skipped="0">
  <testcase classname="Annotation.annocation_count" name="tc2" time="0.008"/>
  <system-out>
    <![CDATA[tc2 is passed]]>
  </system-out>
  <testcase classname="Annotation.annocation_count" name="tc2" time="0.009"/>
  <system-out>
    <![CDATA[tc2 is passed]]>
  </system-out>
  <testcase classname="Annotation.annocation_count" name="tc2" time="0.003"/>
  <system-out>
    <![CDATA[tc2 is passed]]>
  </system-out>
  <testcase classname="Annotation.annocation_count" name="tc1" time="0.013"/>
  <system-out>
    <![CDATA[tc1 is passed]]>
  </system-out>
  <testcase classname="Annotation.annocation_count" name="tc2" time="0.006"/>
  <system-out>
    <![CDATA[tc2 is passed]]>
  </system-out>
  <testcase classname="Annotation.annocation_count" name="tc2" time="0.003"/>
  <system-out>
    <![CDATA[tc2 is passed]]>
  </system-out>
  <testcase classname="Annotation.annocation_count" name="tc1" time="0.029"/>
  <system-out>
    <![CDATA[tc1 is passed]]>
  </system-out>
</testsuite> <!-- Annotation.annocation_count -->
