<?xml version="1.0" encoding="UTF-8"?>
<!-- Generated by org.testng.reporters.JUnitReportReporter -->
<testsuite hostname="LAPTOP-G1TPCG3S" failures="0" tests="4" name="Annotation.enabed" time="0.037" errors="0" timestamp="2022-03-24T15:55:50 IST" skipped="2">
  <testcase classname="Annotation.enabed" name="tc3" time="0.003"/>
  <system-out>
    <![CDATA[tc3]]>
  </system-out>
  <testcase classname="Annotation.enabed" name="tc1" time="0.034"/>
  <system-out>
    <![CDATA[tc1]]>
  </system-out>
  <testcase classname="Annotation.enabed" name="tc2">
    <skipped/>
  </testcase> <!-- tc2 -->
  <system-out/>
  <testcase classname="Annotation.enabed" name="tc4">
    <skipped/>
  </testcase> <!-- tc4 -->
  <system-out/>
</testsuite> <!-- Annotation.enabed -->
