<?xml version="1.0" encoding="UTF-8"?>
<!-- Generated by org.testng.reporters.JUnitReportReporter -->
<testsuite hostname="LAPTOP-A20PR4HG" failures="0" tests="2" name="testng_pom_ddf.Cs05KiteTestUsingTestNG" time="10.504" errors="0" timestamp="2022-03-27T09:17:05 IST" skipped="0">
  <testcase classname="testng_pom_ddf.Cs05KiteTestUsingTestNG" name="validateUserID" time="5.226"/>
  <system-out>
    <![CDATA[validating userID
User ID validated suceesfully, TC is passed]]>
  </system-out>
  <testcase classname="testng_pom_ddf.Cs05KiteTestUsingTestNG" name="validateUserID" time="5.278"/>
  <system-out>
    <![CDATA[validating userID
User ID validated suceesfully, TC is passed]]>
  </system-out>
</testsuite> <!-- testng_pom_ddf.Cs05KiteTestUsingTestNG -->
