<?xml version="1.0" encoding="UTF-8"?>
<!-- Generated by org.testng.reporters.JUnitReportReporter -->
<testsuite hostname="LAPTOP-A20PR4HG" failures="0" tests="2" name="testng_pom_ddf.KiteTestUsingTestNG" time="8.442" errors="0" timestamp="2022-03-26T17:26:01 IST" skipped="0">
  <testcase classname="testng_pom_ddf.KiteTestUsingTestNG" name="validateUserID" time="4.061"/>
  <system-out>
    <![CDATA[validating userID
User ID validated suceesfully, TC is passed]]>
  </system-out>
  <testcase classname="testng_pom_ddf.KiteTestUsingTestNG" name="validateUserID" time="4.381"/>
  <system-out>
    <![CDATA[validating userID
User ID validated suceesfully, TC is passed]]>
  </system-out>
</testsuite> <!-- testng_pom_ddf.KiteTestUsingTestNG -->
