<?xml version="1.0" encoding="UTF-8"?>
<!-- Generated by org.testng.reporters.JUnitReportReporter -->
<testsuite hostname="LAPTOP-G1TPCG3S" failures="0" tests="7" name="testNg.NewTest" time="0.054" errors="0" timestamp="2022-03-18T11:56:33 IST" skipped="0">
  <testcase classname="testNg.NewTest" name="f2" time="0.002"/>
  <system-out/>
  <testcase classname="testNg.NewTest" name="f3" time="0.002"/>
  <system-out/>
  <testcase classname="testNg.NewTest" name="f6" time="0.007"/>
  <system-out/>
  <testcase classname="testNg.NewTest" name="f4" time="0.003"/>
  <system-out/>
  <testcase classname="testNg.NewTest" name="f1" time="0.004"/>
  <system-out/>
  <testcase classname="testNg.NewTest" name="f" time="0.019"/>
  <system-out/>
  <testcase classname="testNg.NewTest" name="f5" time="0.017"/>
  <system-out/>
</testsuite> <!-- testNg.NewTest -->
