<?xml version="1.0" encoding="UTF-8"?>
<!-- Generated by org.testng.reporters.JUnitReportReporter -->
<testsuite hostname="LAPTOP-G1TPCG3S" failures="0" tests="3" name="testNG_grouping.TestGroup1" time="0.039" errors="0" timestamp="2022-03-23T08:31:41 IST" skipped="0">
  <testcase classname="testNG_grouping.TestGroup1" name="TC8" time="0.003"/>
  <system-out>
    <![CDATA[Running TC8]]>
  </system-out>
  <testcase classname="testNG_grouping.TestGroup1" name="TC9" time="0.003"/>
  <system-out>
    <![CDATA[Running TC9]]>
  </system-out>
  <testcase classname="testNG_grouping.TestGroup1" name="TC7" time="0.033"/>
  <system-out>
    <![CDATA[Running TC7]]>
  </system-out>
</testsuite> <!-- testNG_grouping.TestGroup1 -->
