<?xml version="1.0" encoding="UTF-8"?>
<!-- Generated by org.testng.reporters.JUnitReportReporter -->
<testsuite hostname="LAPTOP-G1TPCG3S" failures="0" tests="2" name="testng01.AnnotationStudy" time="0.017" errors="0" timestamp="2022-03-21T11:45:22 IST" skipped="0">
  <testcase classname="testng01.AnnotationStudy" name="ValidateUserID" time="0.015"/>
  <system-out>
    <![CDATA[Running test]]>
  </system-out>
  <testcase classname="testng01.AnnotationStudy" name="sampleTest" time="0.002"/>
  <system-out>
    <![CDATA[Running Sample test]]>
  </system-out>
</testsuite> <!-- testng01.AnnotationStudy -->
