<?xml version="1.0" encoding="UTF-8"?>
<!-- Generated by org.testng.reporters.JUnitReportReporter -->
<testsuite hostname="LAPTOP-G1TPCG3S" failures="0" tests="2" name="Annotation.NewTest" time="0.029" errors="0" timestamp="2022-03-24T15:26:07 IST" skipped="0">
  <testcase classname="Annotation.NewTest" name="useridpass" time="0.026"/>
  <system-out>
    <![CDATA[3 ]]>
  </system-out>
  <testcase classname="Annotation.NewTest" name="useridpass1" time="0.003"/>
  <system-out>
    <![CDATA[31 ]]>
  </system-out>
</testsuite> <!-- Annotation.NewTest -->
